*** Starting uWSGI 2.0.15 (64bit) on [Sat Sep 30 21:15:41 2017] ***
compiled with version: 5.4.0 20160609 on 28 September 2017 22:10:23
os: Linux-4.10.0-35-generic #39~16.04.1-Ubuntu SMP Wed Sep 13 09:02:42 UTC 2017
nodename: ubuntu-DeskTop
machine: x86_64
clock source: unix
detected number of CPU cores: 2
current working directory: /var/www/example.com/conf
detected binary path: /var/www/example.com/venv/bin/uwsgi
!!! no internal routing support, rebuild with pcre support !!!
your processes number limit is 23371
your memory page size is 4096 bytes
detected max file descriptor number: 1024
lock engine: pthread robust mutexes
thunder lock: disabled (you can enable it with --thunder-lock)
error removing unix socket, unlink(): Operation not permitted [core/socket.c line 198]
bind(): Address already in use [core/socket.c line 230]
*** Starting uWSGI 2.0.15 (64bit) on [Sat Sep 30 21:16:56 2017] ***
compiled with version: 5.4.0 20160609 on 28 September 2017 22:10:23
os: Linux-4.10.0-35-generic #39~16.04.1-Ubuntu SMP Wed Sep 13 09:02:42 UTC 2017
nodename: ubuntu-DeskTop
machine: x86_64
clock source: unix
detected number of CPU cores: 2
current working directory: /var/www/example.com/conf
detected binary path: /var/www/example.com/venv/bin/uwsgi
!!! no internal routing support, rebuild with pcre support !!!
your processes number limit is 23371
your memory page size is 4096 bytes
detected max file descriptor number: 1024
lock engine: pthread robust mutexes
thunder lock: disabled (you can enable it with --thunder-lock)
error removing unix socket, unlink(): Operation not permitted [core/socket.c line 198]
bind(): Address already in use [core/socket.c line 230]
*** Starting uWSGI 2.0.15 (64bit) on [Sat Sep 30 21:17:12 2017] ***
compiled with version: 5.4.0 20160609 on 28 September 2017 22:10:23
os: Linux-4.10.0-35-generic #39~16.04.1-Ubuntu SMP Wed Sep 13 09:02:42 UTC 2017
nodename: ubuntu-DeskTop
machine: x86_64
clock source: unix
detected number of CPU cores: 2
current working directory: /var/www/example.com/conf
detected binary path: /var/www/example.com/venv/bin/uwsgi
!!! no internal routing support, rebuild with pcre support !!!
your processes number limit is 23371
your memory page size is 4096 bytes
detected max file descriptor number: 1024
lock engine: pthread robust mutexes
thunder lock: disabled (you can enable it with --thunder-lock)
error removing unix socket, unlink(): Operation not permitted [core/socket.c line 198]
bind(): Address already in use [core/socket.c line 230]
*** Starting uWSGI 2.0.15 (64bit) on [Sat Sep 30 21:18:13 2017] ***
compiled with version: 5.4.0 20160609 on 28 September 2017 22:10:23
os: Linux-4.10.0-35-generic #39~16.04.1-Ubuntu SMP Wed Sep 13 09:02:42 UTC 2017
nodename: ubuntu-DeskTop
machine: x86_64
clock source: unix
detected number of CPU cores: 2
current working directory: /var/www/example.com/conf
detected binary path: /var/www/example.com/venv/bin/uwsgi
!!! no internal routing support, rebuild with pcre support !!!
your processes number limit is 23371
your memory page size is 4096 bytes
detected max file descriptor number: 1024
lock engine: pthread robust mutexes
thunder lock: disabled (you can enable it with --thunder-lock)
error removing unix socket, unlink(): Operation not permitted [core/socket.c line 198]
bind(): Address already in use [core/socket.c line 230]
*** Starting uWSGI 2.0.15 (64bit) on [Sat Sep 30 21:18:18 2017] ***
compiled with version: 5.4.0 20160609 on 28 September 2017 22:10:23
os: Linux-4.10.0-35-generic #39~16.04.1-Ubuntu SMP Wed Sep 13 09:02:42 UTC 2017
nodename: ubuntu-DeskTop
machine: x86_64
clock source: unix
detected number of CPU cores: 2
current working directory: /var/www/example.com/conf
detected binary path: /var/www/example.com/venv/bin/uwsgi
!!! no internal routing support, rebuild with pcre support !!!
your processes number limit is 23371
your memory page size is 4096 bytes
detected max file descriptor number: 1024
lock engine: pthread robust mutexes
thunder lock: disabled (you can enable it with --thunder-lock)
error removing unix socket, unlink(): Operation not permitted [core/socket.c line 198]
bind(): Address already in use [core/socket.c line 230]
*** Starting uWSGI 2.0.15 (64bit) on [Sat Sep 30 21:18:52 2017] ***
compiled with version: 5.4.0 20160609 on 28 September 2017 22:10:23
os: Linux-4.10.0-35-generic #39~16.04.1-Ubuntu SMP Wed Sep 13 09:02:42 UTC 2017
nodename: ubuntu-DeskTop
machine: x86_64
clock source: unix
detected number of CPU cores: 2
current working directory: /var/www/example.com/conf
detected binary path: /var/www/example.com/venv/bin/uwsgi
!!! no internal routing support, rebuild with pcre support !!!
your processes number limit is 23371
your memory page size is 4096 bytes
detected max file descriptor number: 1024
lock engine: pthread robust mutexes
thunder lock: disabled (you can enable it with --thunder-lock)
error removing unix socket, unlink(): Operation not permitted [core/socket.c line 198]
bind(): Address already in use [core/socket.c line 230]
*** Starting uWSGI 2.0.15 (64bit) on [Sat Sep 30 21:20:05 2017] ***
compiled with version: 5.4.0 20160609 on 28 September 2017 22:10:23
os: Linux-4.10.0-35-generic #39~16.04.1-Ubuntu SMP Wed Sep 13 09:02:42 UTC 2017
nodename: ubuntu-DeskTop
machine: x86_64
clock source: unix
detected number of CPU cores: 2
current working directory: /var/www/example.com/conf
detected binary path: /var/www/example.com/venv/bin/uwsgi
!!! no internal routing support, rebuild with pcre support !!!
your processes number limit is 23371
your memory page size is 4096 bytes
detected max file descriptor number: 1024
lock engine: pthread robust mutexes
thunder lock: disabled (you can enable it with --thunder-lock)
error removing unix socket, unlink(): Operation not permitted [core/socket.c line 198]
bind(): Address already in use [core/socket.c line 230]
*** Starting uWSGI 2.0.15 (64bit) on [Sat Sep 30 21:21:37 2017] ***
compiled with version: 5.4.0 20160609 on 28 September 2017 22:10:23
os: Linux-4.10.0-35-generic #39~16.04.1-Ubuntu SMP Wed Sep 13 09:02:42 UTC 2017
nodename: ubuntu-DeskTop
machine: x86_64
clock source: unix
detected number of CPU cores: 2
current working directory: /var/www/example.com/conf
detected binary path: /var/www/example.com/venv/bin/uwsgi
!!! no internal routing support, rebuild with pcre support !!!
your processes number limit is 23371
your memory page size is 4096 bytes
detected max file descriptor number: 1024
lock engine: pthread robust mutexes
thunder lock: disabled (you can enable it with --thunder-lock)
error removing unix socket, unlink(): Operation not permitted [core/socket.c line 198]
bind(): Address already in use [core/socket.c line 230]
*** Starting uWSGI 2.0.15 (64bit) on [Sat Sep 30 21:21:38 2017] ***
compiled with version: 5.4.0 20160609 on 28 September 2017 22:10:23
os: Linux-4.10.0-35-generic #39~16.04.1-Ubuntu SMP Wed Sep 13 09:02:42 UTC 2017
nodename: ubuntu-DeskTop
machine: x86_64
clock source: unix
detected number of CPU cores: 2
current working directory: /var/www/example.com/conf
detected binary path: /var/www/example.com/venv/bin/uwsgi
!!! no internal routing support, rebuild with pcre support !!!
your processes number limit is 23371
your memory page size is 4096 bytes
detected max file descriptor number: 1024
lock engine: pthread robust mutexes
thunder lock: disabled (you can enable it with --thunder-lock)
error removing unix socket, unlink(): Operation not permitted [core/socket.c line 198]
bind(): Address already in use [core/socket.c line 230]
*** Starting uWSGI 2.0.15 (64bit) on [Sat Sep 30 21:24:26 2017] ***
compiled with version: 5.4.0 20160609 on 28 September 2017 22:10:23
os: Linux-4.10.0-35-generic #39~16.04.1-Ubuntu SMP Wed Sep 13 09:02:42 UTC 2017
nodename: ubuntu-DeskTop
machine: x86_64
clock source: unix
detected number of CPU cores: 2
current working directory: /home/ubuntu
detected binary path: /usr/local/bin/uwsgi
!!! no internal routing support, rebuild with pcre support !!!
your processes number limit is 23371
your memory page size is 4096 bytes
detected max file descriptor number: 1024
lock engine: pthread robust mutexes
thunder lock: disabled (you can enable it with --thunder-lock)
uwsgi socket 0 bound to UNIX address /tmp/example.com.sock fd 3
Python version: 3.5.2 (default, Nov 17 2016, 17:05:23)  [GCC 5.4.0 20160609]
Set PythonHome to /var/www/example.com/venv
*** Python threads support is disabled. You can enable it with --enable-threads ***
Python main interpreter initialized at 0x12a55c0
your server socket listen backlog is limited to 100 connections
your mercy for graceful operations on workers is 60 seconds
mapped 145536 bytes (142 KB) for 1 cores
*** Operational MODE: single process ***
added /var/www/example.com/src/mirae/ to pythonpath.
WSGI app 0 (mountpoint='') ready in 0 seconds on interpreter 0x12a55c0 pid: 2690 (default app)
*** uWSGI is running in multiple interpreter mode ***
spawned uWSGI master process (pid: 2690)
spawned uWSGI worker 1 (pid: 2692, cores: 1)
[pid: 2692|app: 0|req: 1/1] 127.0.0.1 () {44 vars in 984 bytes} [Sat Sep 30 12:24:29 2017] GET / => generated 1716 bytes in 10 msecs (HTTP/1.1 200) 3 headers in 95 bytes (1 switches on core 0)
[pid: 2692|app: 0|req: 2/2] 127.0.0.1 () {44 vars in 984 bytes} [Sat Sep 30 12:24:39 2017] GET / => generated 1716 bytes in 1 msecs (HTTP/1.1 200) 3 headers in 95 bytes (1 switches on core 0)
[pid: 2692|app: 0|req: 3/3] 127.0.0.1 () {44 vars in 984 bytes} [Sat Sep 30 12:25:53 2017] GET / => generated 1716 bytes in 2 msecs (HTTP/1.1 200) 3 headers in 95 bytes (1 switches on core 0)
[pid: 2692|app: 0|req: 4/4] 127.0.0.1 () {44 vars in 984 bytes} [Sat Sep 30 12:25:55 2017] GET / => generated 1716 bytes in 1 msecs (HTTP/1.1 200) 3 headers in 95 bytes (1 switches on core 0)
SIGINT/SIGQUIT received...killing workers...
worker 1 buried after 1 seconds
goodbye to uWSGI.
VACUUM: unix socket /tmp/example.com.sock removed.
*** Starting uWSGI 2.0.15 (64bit) on [Sat Sep 30 21:41:41 2017] ***
compiled with version: 5.4.0 20160609 on 28 September 2017 22:10:23
os: Linux-4.10.0-35-generic #39~16.04.1-Ubuntu SMP Wed Sep 13 09:02:42 UTC 2017
nodename: ubuntu-DeskTop
machine: x86_64
clock source: unix
detected number of CPU cores: 2
current working directory: /var/www/example.com
detected binary path: /usr/local/bin/uwsgi
!!! no internal routing support, rebuild with pcre support !!!
your processes number limit is 23371
your memory page size is 4096 bytes
detected max file descriptor number: 1024
lock engine: pthread robust mutexes
thunder lock: disabled (you can enable it with --thunder-lock)
uwsgi socket 0 bound to UNIX address /tmp/example.com.sock fd 3
Python version: 3.5.2 (default, Nov 17 2016, 17:05:23)  [GCC 5.4.0 20160609]
Set PythonHome to /var/www/example.com/venv
*** Python threads support is disabled. You can enable it with --enable-threads ***
Python main interpreter initialized at 0xa61690
your server socket listen backlog is limited to 100 connections
your mercy for graceful operations on workers is 60 seconds
mapped 145536 bytes (142 KB) for 1 cores
*** Operational MODE: single process ***
added /var/www/example.com/src/mirae/ to pythonpath.
WSGI app 0 (mountpoint='') ready in 0 seconds on interpreter 0xa61690 pid: 3095 (default app)
*** uWSGI is running in multiple interpreter mode ***
spawned uWSGI master process (pid: 3095)
spawned uWSGI worker 1 (pid: 3097, cores: 1)
[pid: 3097|app: 0|req: 1/1] 127.0.0.1 () {44 vars in 984 bytes} [Sat Sep 30 12:41:45 2017] GET / => generated 1716 bytes in 13 msecs (HTTP/1.1 200) 3 headers in 95 bytes (1 switches on core 0)
